Arguments: 
  C:\Program Files\nodejs\node.exe C:\Users\GABRIEL\AppData\Roaming\npm\node_modules\yarn\bin\yarn.js add styled-componets axios react-icons react-to astify

PATH: 
  C:\WINDOWS\system32;C:\WINDOWS;C:\WINDOWS\System32\Wbem;C:\WINDOWS\System32\WindowsPowerShell\v1.0\;C:\WINDOWS\System32\OpenSSH\;C:\Program Files\nodejs\;C:\wamp64\bin\php\php8.0.26;C:\ProgramData\ComposerSetup\bin;C:\Program Files\Git\cmd;C:\xampp\php;C:\Users\GABRIEL\AppData\Local\Microsoft\WindowsApps;C:\Users\GABRIEL\AppData\Local\Programs\Microsoft VS Code\bin;C:\Users\GABRIEL\AppData\Roaming\npm;C:\Program Files\nodejs;C:\Users\GABRIEL\AppData\Roaming\npm;C:\Users\GABRIEL\AppData\Local\GitHubDesktop\bin;C:\Users\GABRIEL\AppData\Roaming\Composer\vendor\bin;C:\Users\GABRIEL\Documents\APP PROGRAMAÇÃO\wget.exe;C:\Users\GABRIEL\.deno\bin;

Yarn version: 
  1.22.19

Node version: 
  20.3.1

Platform: 
  win32 x64

Trace: 
  Error: https://registry.yarnpkg.com/styled-componets: Not found
      at params.callback [as _callback] (C:\Users\GABRIEL\AppData\Roaming\npm\node_modules\yarn\lib\cli.js:66145:18)
      at self.callback (C:\Users\GABRIEL\AppData\Roaming\npm\node_modules\yarn\lib\cli.js:140890:22)
      at Request.emit (node:events:511:28)
      at Request.<anonymous> (C:\Users\GABRIEL\AppData\Roaming\npm\node_modules\yarn\lib\cli.js:141862:10)
      at Request.emit (node:events:511:28)
      at IncomingMessage.<anonymous> (C:\Users\GABRIEL\AppData\Roaming\npm\node_modules\yarn\lib\cli.js:141784:12)
      at Object.onceWrapper (node:events:625:28)
      at IncomingMessage.emit (node:events:523:35)
      at endReadableNT (node:internal/streams/readable:1367:12)
      at process.processTicksAndRejections (node:internal/process/task_queues:82:21)

npm manifest: 
  No manifest

yarn manifest: 
  No manifest

Lockfile: 
  No lockfile
